<?xml version="1.0" encoding="UTF-8"?>
<testng-results ignored="0" total="1" passed="1" failed="0" skipped="0">
  <reporter-output>
  </reporter-output>
  <suite started-at="2025-05-26T13:39:59 IST" name="Default suite" finished-at="2025-05-26T13:40:12 IST" duration-ms="12482">
    <groups>
    </groups>
    <test started-at="2025-05-26T13:39:59 IST" name="Default test" finished-at="2025-05-26T13:40:12 IST" duration-ms="12482">
      <class name="com.logintest.OrangeHRMLoginTest">
        <test-method is-config="true" signature="setUp()[pri:0, instance:com.logintest.OrangeHRMLoginTest@480d3575]" started-at="2025-05-26T13:39:59 IST" name="setUp" finished-at="2025-05-26T13:40:09 IST" duration-ms="9738" status="PASS">
          <reporter-output>
          </reporter-output>
        </test-method> <!-- setUp -->
        <test-method signature="testValidLogin()[pri:0, instance:com.logintest.OrangeHRMLoginTest@480d3575]" started-at="2025-05-26T13:40:09 IST" name="testValidLogin" finished-at="2025-05-26T13:40:12 IST" duration-ms="2686" status="PASS">
          <reporter-output>
          </reporter-output>
        </test-method> <!-- testValidLogin -->
        <test-method is-config="true" signature="tearDown()[pri:0, instance:com.logintest.OrangeHRMLoginTest@480d3575]" started-at="2025-05-26T13:40:12 IST" name="tearDown" finished-at="2025-05-26T13:40:12 IST" duration-ms="1" status="PASS">
          <reporter-output>
          </reporter-output>
        </test-method> <!-- tearDown -->
      </class> <!-- com.logintest.OrangeHRMLoginTest -->
    </test> <!-- Default test -->
  </suite> <!-- Default suite -->
</testng-results>
